[2020-11-10 05:12:09Z INFO HostContext] No proxy settings were found based on environmental variables (http_proxy/https_proxy/HTTP_PROXY/HTTPS_PROXY)
[2020-11-10 05:12:09Z INFO HostContext] Well known directory 'Bin': '/Users/yoko/git/vault-guides/ecosystem/vault-github-action/actions-runner/bin'
[2020-11-10 05:12:09Z INFO HostContext] Well known directory 'Root': '/Users/yoko/git/vault-guides/ecosystem/vault-github-action/actions-runner'
[2020-11-10 05:12:09Z INFO HostContext] Well known config file 'Credentials': '/Users/yoko/git/vault-guides/ecosystem/vault-github-action/actions-runner/.credentials'
[2020-11-10 05:12:09Z INFO Listener] Runner is built for OSX (X64) - osx-x64.
[2020-11-10 05:12:09Z INFO Listener] RuntimeInformation: Darwin 19.6.0 Darwin Kernel Version 19.6.0: Mon Aug 31 22:12:52 PDT 2020; root:xnu-6153.141.2~1/RELEASE_X86_64.
[2020-11-10 05:12:09Z INFO Listener] Version: 2.274.1
[2020-11-10 05:12:09Z INFO Listener] Commit: c3219ccd9cc7acedb4996d93c2284e50da5d1f55
[2020-11-10 05:12:09Z INFO Listener] Culture: en-US
[2020-11-10 05:12:09Z INFO Listener] UI Culture: en-US
[2020-11-10 05:12:09Z INFO HostContext] Well known directory 'Bin': '/Users/yoko/git/vault-guides/ecosystem/vault-github-action/actions-runner/bin'
[2020-11-10 05:12:09Z INFO HostContext] Well known directory 'Root': '/Users/yoko/git/vault-guides/ecosystem/vault-github-action/actions-runner'
[2020-11-10 05:12:09Z INFO Listener] Validating directory permissions for: '/Users/yoko/git/vault-guides/ecosystem/vault-github-action/actions-runner'
[2020-11-10 05:12:09Z INFO CommandLineParser] Parse
[2020-11-10 05:12:09Z INFO CommandLineParser] Parsing 1 args
[2020-11-10 05:12:09Z INFO CommandLineParser] parsing argument
[2020-11-10 05:12:09Z INFO CommandLineParser] HasArgs: False
[2020-11-10 05:12:09Z INFO CommandLineParser] Adding Command: run
[2020-11-10 05:12:09Z INFO Listener] Arguments parsed
[2020-11-10 05:12:09Z INFO Runner] ExecuteCommand
[2020-11-10 05:12:09Z INFO ConfigurationStore] currentAssemblyLocation: /Users/yoko/git/vault-guides/ecosystem/vault-github-action/actions-runner/bin/Runner.Listener.dll
[2020-11-10 05:12:09Z INFO HostContext] Well known directory 'Bin': '/Users/yoko/git/vault-guides/ecosystem/vault-github-action/actions-runner/bin'
[2020-11-10 05:12:09Z INFO ConfigurationStore] binPath: /Users/yoko/git/vault-guides/ecosystem/vault-github-action/actions-runner/bin
[2020-11-10 05:12:09Z INFO HostContext] Well known directory 'Bin': '/Users/yoko/git/vault-guides/ecosystem/vault-github-action/actions-runner/bin'
[2020-11-10 05:12:09Z INFO HostContext] Well known directory 'Root': '/Users/yoko/git/vault-guides/ecosystem/vault-github-action/actions-runner'
[2020-11-10 05:12:09Z INFO ConfigurationStore] RootFolder: /Users/yoko/git/vault-guides/ecosystem/vault-github-action/actions-runner
[2020-11-10 05:12:09Z INFO HostContext] Well known directory 'Bin': '/Users/yoko/git/vault-guides/ecosystem/vault-github-action/actions-runner/bin'
[2020-11-10 05:12:09Z INFO HostContext] Well known directory 'Root': '/Users/yoko/git/vault-guides/ecosystem/vault-github-action/actions-runner'
[2020-11-10 05:12:09Z INFO HostContext] Well known config file 'Runner': '/Users/yoko/git/vault-guides/ecosystem/vault-github-action/actions-runner/.runner'
[2020-11-10 05:12:09Z INFO ConfigurationStore] ConfigFilePath: /Users/yoko/git/vault-guides/ecosystem/vault-github-action/actions-runner/.runner
[2020-11-10 05:12:09Z INFO HostContext] Well known directory 'Bin': '/Users/yoko/git/vault-guides/ecosystem/vault-github-action/actions-runner/bin'
[2020-11-10 05:12:09Z INFO HostContext] Well known directory 'Root': '/Users/yoko/git/vault-guides/ecosystem/vault-github-action/actions-runner'
[2020-11-10 05:12:09Z INFO HostContext] Well known config file 'Credentials': '/Users/yoko/git/vault-guides/ecosystem/vault-github-action/actions-runner/.credentials'
[2020-11-10 05:12:09Z INFO ConfigurationStore] CredFilePath: /Users/yoko/git/vault-guides/ecosystem/vault-github-action/actions-runner/.credentials
[2020-11-10 05:12:09Z INFO HostContext] Well known directory 'Bin': '/Users/yoko/git/vault-guides/ecosystem/vault-github-action/actions-runner/bin'
[2020-11-10 05:12:09Z INFO HostContext] Well known directory 'Root': '/Users/yoko/git/vault-guides/ecosystem/vault-github-action/actions-runner'
[2020-11-10 05:12:09Z INFO HostContext] Well known config file 'MigratedCredentials': '/Users/yoko/git/vault-guides/ecosystem/vault-github-action/actions-runner/.credentials_migrated'
[2020-11-10 05:12:09Z INFO ConfigurationStore] MigratedCredFilePath: /Users/yoko/git/vault-guides/ecosystem/vault-github-action/actions-runner/.credentials_migrated
[2020-11-10 05:12:09Z INFO HostContext] Well known directory 'Bin': '/Users/yoko/git/vault-guides/ecosystem/vault-github-action/actions-runner/bin'
[2020-11-10 05:12:09Z INFO HostContext] Well known directory 'Root': '/Users/yoko/git/vault-guides/ecosystem/vault-github-action/actions-runner'
[2020-11-10 05:12:09Z INFO HostContext] Well known config file 'Service': '/Users/yoko/git/vault-guides/ecosystem/vault-github-action/actions-runner/.service'
[2020-11-10 05:12:09Z INFO ConfigurationStore] ServiceConfigFilePath: /Users/yoko/git/vault-guides/ecosystem/vault-github-action/actions-runner/.service
[2020-11-10 05:12:09Z INFO CommandSettings] Flag 'help': 'False'
[2020-11-10 05:12:09Z INFO CommandSettings] Flag 'version': 'False'
[2020-11-10 05:12:09Z INFO CommandSettings] Flag 'commit': 'False'
[2020-11-10 05:12:09Z INFO CommandSettings] Command 'configure': 'False'
[2020-11-10 05:12:09Z INFO CommandSettings] Command 'remove': 'False'
[2020-11-10 05:12:09Z INFO CommandSettings] Command 'warmup': 'False'
[2020-11-10 05:12:09Z INFO ConfigurationManager] LoadSettings
[2020-11-10 05:12:09Z INFO ConfigurationStore] IsConfigured()
[2020-11-10 05:12:09Z INFO ConfigurationStore] IsConfigured: True
[2020-11-10 05:12:09Z INFO ConfigurationManager] Is configured: True
[2020-11-10 05:12:09Z INFO ConfigurationStore] Read setting file: 306 chars
[2020-11-10 05:12:09Z INFO ConfigurationManager] Settings Loaded
[2020-11-10 05:12:09Z INFO ConfigurationStore] IsServiceConfigured()
[2020-11-10 05:12:09Z INFO ConfigurationStore] IsServiceConfigured: False
[2020-11-10 05:12:09Z INFO CommandSettings] Command 'run': 'True'
[2020-11-10 05:12:09Z INFO ConfigurationStore] IsConfigured()
[2020-11-10 05:12:09Z INFO ConfigurationStore] IsConfigured: True
[2020-11-10 05:12:09Z INFO ConfigurationManager] Is configured: True
[2020-11-10 05:12:09Z INFO Runner] Could not parse the argument value '' for StartupType. Defaulting to Manual
[2020-11-10 05:12:09Z INFO Runner] Set runner startup type - Manual
[2020-11-10 05:12:09Z INFO CommandSettings] Flag 'once': 'False'
[2020-11-10 05:12:09Z INFO Runner] RunAsync
[2020-11-10 05:12:09Z INFO ConfigurationManager] LoadSettings
[2020-11-10 05:12:09Z INFO ConfigurationStore] IsConfigured()
[2020-11-10 05:12:09Z INFO ConfigurationStore] IsConfigured: True
[2020-11-10 05:12:09Z INFO ConfigurationManager] Is configured: True
[2020-11-10 05:12:09Z INFO ConfigurationManager] Settings Loaded
[2020-11-10 05:12:09Z INFO MessageListener] {
  "AgentId": 2,
  "AgentName": "Yokos-MacBook-Pro",
  "PoolId": 1,
  "PoolName": "Default",
  "ServerUrl": "https://pipelines.actions.githubusercontent.com/iPk0lhAFSUKIqpvhPWzyNe0Y8WSAVVkhtiuDtZIn3Iieq9U6Qn",
  "GitHubUrl": "https://github.com/yhyakuna/vault-action-exampleapp",
  "WorkFolder": "_work"
}
[2020-11-10 05:12:09Z INFO MessageListener] Loading Credentials
[2020-11-10 05:12:09Z INFO ConfigurationStore] HasCredentials()
[2020-11-10 05:12:09Z INFO ConfigurationStore] stored True
[2020-11-10 05:12:09Z INFO CredentialManager] GetCredentialProvider
[2020-11-10 05:12:09Z INFO CredentialManager] Creating type OAuth
[2020-11-10 05:12:09Z INFO CredentialManager] Creating credential type: OAuth
[2020-11-10 05:12:09Z INFO HostContext] Well known directory 'Bin': '/Users/yoko/git/vault-guides/ecosystem/vault-github-action/actions-runner/bin'
[2020-11-10 05:12:09Z INFO HostContext] Well known directory 'Root': '/Users/yoko/git/vault-guides/ecosystem/vault-github-action/actions-runner'
[2020-11-10 05:12:09Z INFO HostContext] Well known config file 'RSACredentials': '/Users/yoko/git/vault-guides/ecosystem/vault-github-action/actions-runner/.credentials_rsaparams'
[2020-11-10 05:12:09Z INFO RSAFileKeyManager] Loading RSA key parameters from file /Users/yoko/git/vault-guides/ecosystem/vault-github-action/actions-runner/.credentials_rsaparams
[2020-11-10 05:12:09Z INFO MessageListener] Attempt to create session.
[2020-11-10 05:12:09Z INFO MessageListener] Connecting to the Runner Server...
[2020-11-10 05:12:09Z INFO RunnerServer] Establish connection with 100 seconds timeout.
[2020-11-10 05:12:09Z INFO GitHubActionsService] Starting operation Location.GetConnectionData
[2020-11-10 05:12:09Z INFO RunnerServer] Establish connection with 60 seconds timeout.
[2020-11-10 05:12:09Z INFO GitHubActionsService] Starting operation Location.GetConnectionData
[2020-11-10 05:12:09Z INFO RunnerServer] Establish connection with 60 seconds timeout.
[2020-11-10 05:12:09Z INFO GitHubActionsService] Starting operation Location.GetConnectionData
[2020-11-10 05:12:10Z INFO GitHubActionsService] Finished operation Location.GetConnectionData
[2020-11-10 05:12:10Z INFO GitHubActionsService] Finished operation Location.GetConnectionData
[2020-11-10 05:12:11Z INFO GitHubActionsService] Finished operation Location.GetConnectionData
[2020-11-10 05:12:11Z INFO MessageListener] VssConnection created
[2020-11-10 05:12:11Z INFO Terminal] WRITE LINE: 
[2020-11-10 05:12:11Z INFO Terminal] WRITE LINE: 
[2020-11-10 05:12:11Z WARN GitHubActionsService] Authentication failed with status code 401.
Transfer-Encoding: chunked
WWW-Authenticate: Bearer
Strict-Transport-Security: max-age=2592000
X-TFS-ProcessId: f2a3da38-af4a-4f7d-a961-16e6c29a3a5c
ActivityId: 70e10bd6-7fe6-439c-b059-61c3b9645178
X-TFS-Session: 476e6438-83f2-4782-a6c6-24d40b7ead86
X-VSS-E2EID: 20186dc0-0976-4f5b-bc9a-940a695ae0d0
X-VSS-SenderDeploymentId: 13a19993-c6bc-326c-afb4-32c5519f46f0
X-TFS-ServiceError: The+user+%27System%3aPublicAccess%3baaaaaaaa-aaaa-aaaa-aaaa-aaaaaaaaaaaa%27+is+not+authorized+to+access+this+resource.
X-VSS-S2STargetService: 0000005A-0000-8888-8000-000000000000/visualstudio.com
X-MSEdge-Ref: Ref A: B154B08BD4A14CE298F662601FE71F67 Ref B: SJCEDGE0413 Ref C: 2020-11-10T05:12:11Z
Date: Tue, 10 Nov 2020 05:12:10 GMT

[2020-11-10 05:12:11Z INFO RSAFileKeyManager] Loading RSA key parameters from file /Users/yoko/git/vault-guides/ecosystem/vault-github-action/actions-runner/.credentials_rsaparams
[2020-11-10 05:12:11Z INFO RSAFileKeyManager] Loading RSA key parameters from file /Users/yoko/git/vault-guides/ecosystem/vault-github-action/actions-runner/.credentials_rsaparams
[2020-11-10 05:12:12Z INFO GitHubActionsService] AAD Correlation ID for this token request: Unknown
[2020-11-10 05:12:12Z INFO MessageListener] Session created.
[2020-11-10 05:12:12Z INFO Terminal] WRITE LINE: 2020-11-10 05:12:12Z: Listening for Jobs
[2020-11-10 05:12:12Z INFO JobDispatcher] Set runner/worker IPC timeout to 30 seconds.
